<?xml version="1.0" encoding="UTF-8"?>
<testsuite xmlns:xsi="http://www.w3.org/2001/XMLSchema-instance" xsi:noNamespaceSchemaLocation="https://maven.apache.org/surefire/maven-surefire-plugin/xsd/surefire-test-report.xsd" name="com.springBasics.UrlshortnerApplicationTests" time="24.573" tests="1" errors="0" skipped="0" failures="0">
  <properties>
    <property name="gopherProxySet" value="false"/>
    <property name="awt.toolkit" value="sun.lwawt.macosx.LWCToolkit"/>
    <property name="file.encoding.pkg" value="sun.io"/>
    <property name="java.specification.version" value="1.8"/>
    <property name="sun.cpu.isalist" value=""/>
    <property name="sun.jnu.encoding" value="UTF-8"/>
    <property name="java.class.path" value="/Users/abhisheksharma/personal/springBootProject/springBasics/target/test-classes:/Users/abhisheksharma/personal/springBootProject/springBasics/target/classes:/Users/abhisheksharma/.m2/repository/org/springframework/boot/spring-boot-starter-web/2.7.15/spring-boot-starter-web-2.7.15.jar:/Users/abhisheksharma/.m2/repository/org/springframework/boot/spring-boot-starter/2.7.15/spring-boot-starter-2.7.15.jar:/Users/abhisheksharma/.m2/repository/org/springframework/boot/spring-boot/2.7.15/spring-boot-2.7.15.jar:/Users/abhisheksharma/.m2/repository/org/springframework/boot/spring-boot-autoconfigure/2.7.15/spring-boot-autoconfigure-2.7.15.jar:/Users/abhisheksharma/.m2/repository/org/springframework/boot/spring-boot-starter-logging/2.7.15/spring-boot-starter-logging-2.7.15.jar:/Users/abhisheksharma/.m2/repository/ch/qos/logback/logback-classic/1.2.12/logback-classic-1.2.12.jar:/Users/abhisheksharma/.m2/repository/ch/qos/logback/logback-core/1.2.12/logback-core-1.2.12.jar:/Users/abhisheksharma/.m2/repository/org/apache/logging/log4j/log4j-to-slf4j/2.17.2/log4j-to-slf4j-2.17.2.jar:/Users/abhisheksharma/.m2/repository/org/apache/logging/log4j/log4j-api/2.17.2/log4j-api-2.17.2.jar:/Users/abhisheksharma/.m2/repository/org/slf4j/jul-to-slf4j/1.7.36/jul-to-slf4j-1.7.36.jar:/Users/abhisheksharma/.m2/repository/jakarta/annotation/jakarta.annotation-api/1.3.5/jakarta.annotation-api-1.3.5.jar:/Users/abhisheksharma/.m2/repository/org/yaml/snakeyaml/1.30/snakeyaml-1.30.jar:/Users/abhisheksharma/.m2/repository/org/springframework/boot/spring-boot-starter-json/2.7.15/spring-boot-starter-json-2.7.15.jar:/Users/abhisheksharma/.m2/repository/com/fasterxml/jackson/core/jackson-databind/2.13.5/jackson-databind-2.13.5.jar:/Users/abhisheksharma/.m2/repository/com/fasterxml/jackson/core/jackson-annotations/2.13.5/jackson-annotations-2.13.5.jar:/Users/abhisheksharma/.m2/repository/com/fasterxml/jackson/core/jackson-core/2.13.5/jackson-core-2.13.5.jar:/Users/abhisheksharma/.m2/repository/com/fasterxml/jackson/datatype/jackson-datatype-jdk8/2.13.5/jackson-datatype-jdk8-2.13.5.jar:/Users/abhisheksharma/.m2/repository/com/fasterxml/jackson/datatype/jackson-datatype-jsr310/2.13.5/jackson-datatype-jsr310-2.13.5.jar:/Users/abhisheksharma/.m2/repository/com/fasterxml/jackson/module/jackson-module-parameter-names/2.13.5/jackson-module-parameter-names-2.13.5.jar:/Users/abhisheksharma/.m2/repository/org/springframework/boot/spring-boot-starter-tomcat/2.7.15/spring-boot-starter-tomcat-2.7.15.jar:/Users/abhisheksharma/.m2/repository/org/apache/tomcat/embed/tomcat-embed-core/9.0.79/tomcat-embed-core-9.0.79.jar:/Users/abhisheksharma/.m2/repository/org/apache/tomcat/embed/tomcat-embed-el/9.0.79/tomcat-embed-el-9.0.79.jar:/Users/abhisheksharma/.m2/repository/org/apache/tomcat/embed/tomcat-embed-websocket/9.0.79/tomcat-embed-websocket-9.0.79.jar:/Users/abhisheksharma/.m2/repository/org/springframework/spring-web/5.3.29/spring-web-5.3.29.jar:/Users/abhisheksharma/.m2/repository/org/springframework/spring-beans/5.3.29/spring-beans-5.3.29.jar:/Users/abhisheksharma/.m2/repository/org/springframework/spring-webmvc/5.3.29/spring-webmvc-5.3.29.jar:/Users/abhisheksharma/.m2/repository/org/springframework/spring-aop/5.3.29/spring-aop-5.3.29.jar:/Users/abhisheksharma/.m2/repository/org/springframework/spring-context/5.3.29/spring-context-5.3.29.jar:/Users/abhisheksharma/.m2/repository/org/springframework/spring-expression/5.3.29/spring-expression-5.3.29.jar:/Users/abhisheksharma/.m2/repository/org/projectlombok/lombok/1.18.28/lombok-1.18.28.jar:/Users/abhisheksharma/.m2/repository/org/springframework/boot/spring-boot-starter-test/2.7.15/spring-boot-starter-test-2.7.15.jar:/Users/abhisheksharma/.m2/repository/org/springframework/boot/spring-boot-test/2.7.15/spring-boot-test-2.7.15.jar:/Users/abhisheksharma/.m2/repository/org/springframework/boot/spring-boot-test-autoconfigure/2.7.15/spring-boot-test-autoconfigure-2.7.15.jar:/Users/abhisheksharma/.m2/repository/com/jayway/jsonpath/json-path/2.7.0/json-path-2.7.0.jar:/Users/abhisheksharma/.m2/repository/net/minidev/json-smart/2.4.11/json-smart-2.4.11.jar:/Users/abhisheksharma/.m2/repository/net/minidev/accessors-smart/2.4.11/accessors-smart-2.4.11.jar:/Users/abhisheksharma/.m2/repository/org/ow2/asm/asm/9.3/asm-9.3.jar:/Users/abhisheksharma/.m2/repository/org/slf4j/slf4j-api/1.7.36/slf4j-api-1.7.36.jar:/Users/abhisheksharma/.m2/repository/jakarta/xml/bind/jakarta.xml.bind-api/2.3.3/jakarta.xml.bind-api-2.3.3.jar:/Users/abhisheksharma/.m2/repository/jakarta/activation/jakarta.activation-api/1.2.2/jakarta.activation-api-1.2.2.jar:/Users/abhisheksharma/.m2/repository/org/assertj/assertj-core/3.22.0/assertj-core-3.22.0.jar:/Users/abhisheksharma/.m2/repository/org/hamcrest/hamcrest/2.2/hamcrest-2.2.jar:/Users/abhisheksharma/.m2/repository/org/junit/jupiter/junit-jupiter/5.8.2/junit-jupiter-5.8.2.jar:/Users/abhisheksharma/.m2/repository/org/junit/jupiter/junit-jupiter-api/5.8.2/junit-jupiter-api-5.8.2.jar:/Users/abhisheksharma/.m2/repository/org/opentest4j/opentest4j/1.2.0/opentest4j-1.2.0.jar:/Users/abhisheksharma/.m2/repository/org/junit/platform/junit-platform-commons/1.8.2/junit-platform-commons-1.8.2.jar:/Users/abhisheksharma/.m2/repository/org/apiguardian/apiguardian-api/1.1.2/apiguardian-api-1.1.2.jar:/Users/abhisheksharma/.m2/repository/org/junit/jupiter/junit-jupiter-params/5.8.2/junit-jupiter-params-5.8.2.jar:/Users/abhisheksharma/.m2/repository/org/junit/jupiter/junit-jupiter-engine/5.8.2/junit-jupiter-engine-5.8.2.jar:/Users/abhisheksharma/.m2/repository/org/junit/platform/junit-platform-engine/1.8.2/junit-platform-engine-1.8.2.jar:/Users/abhisheksharma/.m2/repository/org/mockito/mockito-core/4.5.1/mockito-core-4.5.1.jar:/Users/abhisheksharma/.m2/repository/net/bytebuddy/byte-buddy/1.12.23/byte-buddy-1.12.23.jar:/Users/abhisheksharma/.m2/repository/net/bytebuddy/byte-buddy-agent/1.12.23/byte-buddy-agent-1.12.23.jar:/Users/abhisheksharma/.m2/repository/org/objenesis/objenesis/3.2/objenesis-3.2.jar:/Users/abhisheksharma/.m2/repository/org/mockito/mockito-junit-jupiter/4.5.1/mockito-junit-jupiter-4.5.1.jar:/Users/abhisheksharma/.m2/repository/org/skyscreamer/jsonassert/1.5.1/jsonassert-1.5.1.jar:/Users/abhisheksharma/.m2/repository/com/vaadin/external/google/android-json/0.0.20131108.vaadin1/android-json-0.0.20131108.vaadin1.jar:/Users/abhisheksharma/.m2/repository/org/springframework/spring-core/5.3.29/spring-core-5.3.29.jar:/Users/abhisheksharma/.m2/repository/org/springframework/spring-jcl/5.3.29/spring-jcl-5.3.29.jar:/Users/abhisheksharma/.m2/repository/org/springframework/spring-test/5.3.29/spring-test-5.3.29.jar:/Users/abhisheksharma/.m2/repository/org/xmlunit/xmlunit-core/2.9.1/xmlunit-core-2.9.1.jar:/Users/abhisheksharma/.m2/repository/org/springframework/boot/spring-boot-starter-actuator/2.7.15/spring-boot-starter-actuator-2.7.15.jar:/Users/abhisheksharma/.m2/repository/org/springframework/boot/spring-boot-actuator-autoconfigure/2.7.15/spring-boot-actuator-autoconfigure-2.7.15.jar:/Users/abhisheksharma/.m2/repository/org/springframework/boot/spring-boot-actuator/2.7.15/spring-boot-actuator-2.7.15.jar:/Users/abhisheksharma/.m2/repository/io/micrometer/micrometer-core/1.9.14/micrometer-core-1.9.14.jar:/Users/abhisheksharma/.m2/repository/org/hdrhistogram/HdrHistogram/2.1.12/HdrHistogram-2.1.12.jar:/Users/abhisheksharma/.m2/repository/org/latencyutils/LatencyUtils/2.0.3/LatencyUtils-2.0.3.jar:"/>
    <property name="java.vm.vendor" value="Oracle Corporation"/>
    <property name="sun.arch.data.model" value="64"/>
    <property name="java.vendor.url" value="http://java.oracle.com/"/>
    <property name="user.timezone" value=""/>
    <property name="java.vm.specification.version" value="1.8"/>
    <property name="os.name" value="Mac OS X"/>
    <property name="user.country" value="IN"/>
    <property name="sun.java.launcher" value="SUN_STANDARD"/>
    <property name="sun.boot.library.path" value="/Library/Java/JavaVirtualMachines/jdk1.8.0_202.jdk/Contents/Home/jre/lib"/>
    <property name="sun.java.command" value="/Users/abhisheksharma/personal/springBootProject/springBasics/target/surefire/surefirebooter4672542314719970530.jar /Users/abhisheksharma/personal/springBootProject/springBasics/target/surefire 2023-09-10T20-51-52_608-jvmRun1 surefire14531854074002843tmp surefire_01465440440930176343tmp"/>
    <property name="http.nonProxyHosts" value="local|*.local|169.254/16|*.169.254/16"/>
    <property name="surefire.test.class.path" value="/Users/abhisheksharma/personal/springBootProject/springBasics/target/test-classes:/Users/abhisheksharma/personal/springBootProject/springBasics/target/classes:/Users/abhisheksharma/.m2/repository/org/springframework/boot/spring-boot-starter-web/2.7.15/spring-boot-starter-web-2.7.15.jar:/Users/abhisheksharma/.m2/repository/org/springframework/boot/spring-boot-starter/2.7.15/spring-boot-starter-2.7.15.jar:/Users/abhisheksharma/.m2/repository/org/springframework/boot/spring-boot/2.7.15/spring-boot-2.7.15.jar:/Users/abhisheksharma/.m2/repository/org/springframework/boot/spring-boot-autoconfigure/2.7.15/spring-boot-autoconfigure-2.7.15.jar:/Users/abhisheksharma/.m2/repository/org/springframework/boot/spring-boot-starter-logging/2.7.15/spring-boot-starter-logging-2.7.15.jar:/Users/abhisheksharma/.m2/repository/ch/qos/logback/logback-classic/1.2.12/logback-classic-1.2.12.jar:/Users/abhisheksharma/.m2/repository/ch/qos/logback/logback-core/1.2.12/logback-core-1.2.12.jar:/Users/abhisheksharma/.m2/repository/org/apache/logging/log4j/log4j-to-slf4j/2.17.2/log4j-to-slf4j-2.17.2.jar:/Users/abhisheksharma/.m2/repository/org/apache/logging/log4j/log4j-api/2.17.2/log4j-api-2.17.2.jar:/Users/abhisheksharma/.m2/repository/org/slf4j/jul-to-slf4j/1.7.36/jul-to-slf4j-1.7.36.jar:/Users/abhisheksharma/.m2/repository/jakarta/annotation/jakarta.annotation-api/1.3.5/jakarta.annotation-api-1.3.5.jar:/Users/abhisheksharma/.m2/repository/org/yaml/snakeyaml/1.30/snakeyaml-1.30.jar:/Users/abhisheksharma/.m2/repository/org/springframework/boot/spring-boot-starter-json/2.7.15/spring-boot-starter-json-2.7.15.jar:/Users/abhisheksharma/.m2/repository/com/fasterxml/jackson/core/jackson-databind/2.13.5/jackson-databind-2.13.5.jar:/Users/abhisheksharma/.m2/repository/com/fasterxml/jackson/core/jackson-annotations/2.13.5/jackson-annotations-2.13.5.jar:/Users/abhisheksharma/.m2/repository/com/fasterxml/jackson/core/jackson-core/2.13.5/jackson-core-2.13.5.jar:/Users/abhisheksharma/.m2/repository/com/fasterxml/jackson/datatype/jackson-datatype-jdk8/2.13.5/jackson-datatype-jdk8-2.13.5.jar:/Users/abhisheksharma/.m2/repository/com/fasterxml/jackson/datatype/jackson-datatype-jsr310/2.13.5/jackson-datatype-jsr310-2.13.5.jar:/Users/abhisheksharma/.m2/repository/com/fasterxml/jackson/module/jackson-module-parameter-names/2.13.5/jackson-module-parameter-names-2.13.5.jar:/Users/abhisheksharma/.m2/repository/org/springframework/boot/spring-boot-starter-tomcat/2.7.15/spring-boot-starter-tomcat-2.7.15.jar:/Users/abhisheksharma/.m2/repository/org/apache/tomcat/embed/tomcat-embed-core/9.0.79/tomcat-embed-core-9.0.79.jar:/Users/abhisheksharma/.m2/repository/org/apache/tomcat/embed/tomcat-embed-el/9.0.79/tomcat-embed-el-9.0.79.jar:/Users/abhisheksharma/.m2/repository/org/apache/tomcat/embed/tomcat-embed-websocket/9.0.79/tomcat-embed-websocket-9.0.79.jar:/Users/abhisheksharma/.m2/repository/org/springframework/spring-web/5.3.29/spring-web-5.3.29.jar:/Users/abhisheksharma/.m2/repository/org/springframework/spring-beans/5.3.29/spring-beans-5.3.29.jar:/Users/abhisheksharma/.m2/repository/org/springframework/spring-webmvc/5.3.29/spring-webmvc-5.3.29.jar:/Users/abhisheksharma/.m2/repository/org/springframework/spring-aop/5.3.29/spring-aop-5.3.29.jar:/Users/abhisheksharma/.m2/repository/org/springframework/spring-context/5.3.29/spring-context-5.3.29.jar:/Users/abhisheksharma/.m2/repository/org/springframework/spring-expression/5.3.29/spring-expression-5.3.29.jar:/Users/abhisheksharma/.m2/repository/org/projectlombok/lombok/1.18.28/lombok-1.18.28.jar:/Users/abhisheksharma/.m2/repository/org/springframework/boot/spring-boot-starter-test/2.7.15/spring-boot-starter-test-2.7.15.jar:/Users/abhisheksharma/.m2/repository/org/springframework/boot/spring-boot-test/2.7.15/spring-boot-test-2.7.15.jar:/Users/abhisheksharma/.m2/repository/org/springframework/boot/spring-boot-test-autoconfigure/2.7.15/spring-boot-test-autoconfigure-2.7.15.jar:/Users/abhisheksharma/.m2/repository/com/jayway/jsonpath/json-path/2.7.0/json-path-2.7.0.jar:/Users/abhisheksharma/.m2/repository/net/minidev/json-smart/2.4.11/json-smart-2.4.11.jar:/Users/abhisheksharma/.m2/repository/net/minidev/accessors-smart/2.4.11/accessors-smart-2.4.11.jar:/Users/abhisheksharma/.m2/repository/org/ow2/asm/asm/9.3/asm-9.3.jar:/Users/abhisheksharma/.m2/repository/org/slf4j/slf4j-api/1.7.36/slf4j-api-1.7.36.jar:/Users/abhisheksharma/.m2/repository/jakarta/xml/bind/jakarta.xml.bind-api/2.3.3/jakarta.xml.bind-api-2.3.3.jar:/Users/abhisheksharma/.m2/repository/jakarta/activation/jakarta.activation-api/1.2.2/jakarta.activation-api-1.2.2.jar:/Users/abhisheksharma/.m2/repository/org/assertj/assertj-core/3.22.0/assertj-core-3.22.0.jar:/Users/abhisheksharma/.m2/repository/org/hamcrest/hamcrest/2.2/hamcrest-2.2.jar:/Users/abhisheksharma/.m2/repository/org/junit/jupiter/junit-jupiter/5.8.2/junit-jupiter-5.8.2.jar:/Users/abhisheksharma/.m2/repository/org/junit/jupiter/junit-jupiter-api/5.8.2/junit-jupiter-api-5.8.2.jar:/Users/abhisheksharma/.m2/repository/org/opentest4j/opentest4j/1.2.0/opentest4j-1.2.0.jar:/Users/abhisheksharma/.m2/repository/org/junit/platform/junit-platform-commons/1.8.2/junit-platform-commons-1.8.2.jar:/Users/abhisheksharma/.m2/repository/org/apiguardian/apiguardian-api/1.1.2/apiguardian-api-1.1.2.jar:/Users/abhisheksharma/.m2/repository/org/junit/jupiter/junit-jupiter-params/5.8.2/junit-jupiter-params-5.8.2.jar:/Users/abhisheksharma/.m2/repository/org/junit/jupiter/junit-jupiter-engine/5.8.2/junit-jupiter-engine-5.8.2.jar:/Users/abhisheksharma/.m2/repository/org/junit/platform/junit-platform-engine/1.8.2/junit-platform-engine-1.8.2.jar:/Users/abhisheksharma/.m2/repository/org/mockito/mockito-core/4.5.1/mockito-core-4.5.1.jar:/Users/abhisheksharma/.m2/repository/net/bytebuddy/byte-buddy/1.12.23/byte-buddy-1.12.23.jar:/Users/abhisheksharma/.m2/repository/net/bytebuddy/byte-buddy-agent/1.12.23/byte-buddy-agent-1.12.23.jar:/Users/abhisheksharma/.m2/repository/org/objenesis/objenesis/3.2/objenesis-3.2.jar:/Users/abhisheksharma/.m2/repository/org/mockito/mockito-junit-jupiter/4.5.1/mockito-junit-jupiter-4.5.1.jar:/Users/abhisheksharma/.m2/repository/org/skyscreamer/jsonassert/1.5.1/jsonassert-1.5.1.jar:/Users/abhisheksharma/.m2/repository/com/vaadin/external/google/android-json/0.0.20131108.vaadin1/android-json-0.0.20131108.vaadin1.jar:/Users/abhisheksharma/.m2/repository/org/springframework/spring-core/5.3.29/spring-core-5.3.29.jar:/Users/abhisheksharma/.m2/repository/org/springframework/spring-jcl/5.3.29/spring-jcl-5.3.29.jar:/Users/abhisheksharma/.m2/repository/org/springframework/spring-test/5.3.29/spring-test-5.3.29.jar:/Users/abhisheksharma/.m2/repository/org/xmlunit/xmlunit-core/2.9.1/xmlunit-core-2.9.1.jar:/Users/abhisheksharma/.m2/repository/org/springframework/boot/spring-boot-starter-actuator/2.7.15/spring-boot-starter-actuator-2.7.15.jar:/Users/abhisheksharma/.m2/repository/org/springframework/boot/spring-boot-actuator-autoconfigure/2.7.15/spring-boot-actuator-autoconfigure-2.7.15.jar:/Users/abhisheksharma/.m2/repository/org/springframework/boot/spring-boot-actuator/2.7.15/spring-boot-actuator-2.7.15.jar:/Users/abhisheksharma/.m2/repository/io/micrometer/micrometer-core/1.9.14/micrometer-core-1.9.14.jar:/Users/abhisheksharma/.m2/repository/org/hdrhistogram/HdrHistogram/2.1.12/HdrHistogram-2.1.12.jar:/Users/abhisheksharma/.m2/repository/org/latencyutils/LatencyUtils/2.0.3/LatencyUtils-2.0.3.jar:"/>
    <property name="sun.cpu.endian" value="little"/>
    <property name="user.home" value="/Users/abhisheksharma"/>
    <property name="user.language" value="en"/>
    <property name="java.specification.vendor" value="Oracle Corporation"/>
    <property name="java.home" value="/Library/Java/JavaVirtualMachines/jdk1.8.0_202.jdk/Contents/Home/jre"/>
    <property name="basedir" value="/Users/abhisheksharma/personal/springBootProject/springBasics"/>
    <property name="file.separator" value="/"/>
    <property name="line.separator" value="&#10;"/>
    <property name="java.vm.specification.vendor" value="Oracle Corporation"/>
    <property name="java.specification.name" value="Java Platform API Specification"/>
    <property name="java.awt.graphicsenv" value="sun.awt.CGraphicsEnvironment"/>
    <property name="surefire.real.class.path" value="/Users/abhisheksharma/personal/springBootProject/springBasics/target/surefire/surefirebooter4672542314719970530.jar"/>
    <property name="sun.boot.class.path" value="/Library/Java/JavaVirtualMachines/jdk1.8.0_202.jdk/Contents/Home/jre/lib/resources.jar:/Library/Java/JavaVirtualMachines/jdk1.8.0_202.jdk/Contents/Home/jre/lib/rt.jar:/Library/Java/JavaVirtualMachines/jdk1.8.0_202.jdk/Contents/Home/jre/lib/sunrsasign.jar:/Library/Java/JavaVirtualMachines/jdk1.8.0_202.jdk/Contents/Home/jre/lib/jsse.jar:/Library/Java/JavaVirtualMachines/jdk1.8.0_202.jdk/Contents/Home/jre/lib/jce.jar:/Library/Java/JavaVirtualMachines/jdk1.8.0_202.jdk/Contents/Home/jre/lib/charsets.jar:/Library/Java/JavaVirtualMachines/jdk1.8.0_202.jdk/Contents/Home/jre/lib/jfr.jar:/Library/Java/JavaVirtualMachines/jdk1.8.0_202.jdk/Contents/Home/jre/classes"/>
    <property name="sun.management.compiler" value="HotSpot 64-Bit Tiered Compilers"/>
    <property name="ftp.nonProxyHosts" value="local|*.local|169.254/16|*.169.254/16"/>
    <property name="java.runtime.version" value="1.8.0_202-b08"/>
    <property name="user.name" value="abhisheksharma"/>
    <property name="path.separator" value=":"/>
    <property name="os.version" value="10.16"/>
    <property name="java.endorsed.dirs" value="/Library/Java/JavaVirtualMachines/jdk1.8.0_202.jdk/Contents/Home/jre/lib/endorsed"/>
    <property name="java.runtime.name" value="Java(TM) SE Runtime Environment"/>
    <property name="file.encoding" value="UTF-8"/>
    <property name="java.vm.name" value="Java HotSpot(TM) 64-Bit Server VM"/>
    <property name="localRepository" value="/Users/abhisheksharma/.m2/repository"/>
    <property name="java.vendor.url.bug" value="http://bugreport.sun.com/bugreport/"/>
    <property name="java.io.tmpdir" value="/var/folders/cz/0sphv93s6lqdyhr991w4lnbr0000gn/T/"/>
    <property name="java.version" value="1.8.0_202"/>
    <property name="user.dir" value="/Users/abhisheksharma/personal/springBootProject/springBasics"/>
    <property name="os.arch" value="x86_64"/>
    <property name="java.vm.specification.name" value="Java Virtual Machine Specification"/>
    <property name="java.awt.printerjob" value="sun.lwawt.macosx.CPrinterJob"/>
    <property name="sun.os.patch.level" value="unknown"/>
    <property name="java.library.path" value="/Users/abhisheksharma/Library/Java/Extensions:/Library/Java/Extensions:/Network/Library/Java/Extensions:/System/Library/Java/Extensions:/usr/lib/java:."/>
    <property name="java.vm.info" value="mixed mode"/>
    <property name="java.vendor" value="Oracle Corporation"/>
    <property name="java.vm.version" value="25.202-b08"/>
    <property name="java.ext.dirs" value="/Users/abhisheksharma/Library/Java/Extensions:/Library/Java/JavaVirtualMachines/jdk1.8.0_202.jdk/Contents/Home/jre/lib/ext:/Library/Java/Extensions:/Network/Library/Java/Extensions:/System/Library/Java/Extensions:/usr/lib/java"/>
    <property name="sun.io.unicode.encoding" value="UnicodeBig"/>
    <property name="java.class.version" value="52.0"/>
    <property name="socksNonProxyHosts" value="local|*.local|169.254/16|*.169.254/16"/>
  </properties>
  <testcase name="contextLoads" classname="com.springBasics.UrlshortnerApplicationTests" time="0.182"/>
</testsuite>